<?xml version="1.0" encoding="UTF-8"?>
<!-- Generated by org.testng.reporters.JUnitReportReporter -->
<testsuite hostname="DESKTOP-CFBCV8Q" failures="0" tests="2" name="RaahulShettyAcademyy.tests.SubmitOrderTest" time="20.093" errors="0" timestamp="2023-08-05T22:50:32 IST" skipped="0">
  <testcase classname="RaahulShettyAcademyy.tests.SubmitOrderTest" name="submitOrder" time="9.927"/>
  <testcase classname="RaahulShettyAcademyy.tests.SubmitOrderTest" name="submitOrder" time="10.166"/>
</testsuite> <!-- RaahulShettyAcademyy.tests.SubmitOrderTest -->
